WARNING:telegram.ext.updater:Connection pool of Request object is smaller than optimal value (8)
DEBUG:telegram.ext.dispatcher:Setting singleton dispatcher as <telegram.ext.dispatcher.Dispatcher object at 0x00000195E0173EE0>
INFO:apscheduler.scheduler:Scheduler started
DEBUG:apscheduler.scheduler:Looking for jobs to run
DEBUG:telegram.bot:Entering: get_me
DEBUG:apscheduler.scheduler:No jobs; waiting until a job is added
DEBUG:telegram.bot:{'first_name': 'PajahTestBot', 'is_bot': True, 'id': 1002677844, 'can_read_all_group_messages': False, 'supports_inline_queries': False, 'username': 'pajah_test_bot', 'can_join_groups': True}
DEBUG:telegram.bot:Exiting: get_me
DEBUG:telegram.ext.updater:Bot:1002677844:dispatcher - started
DEBUG:telegram.ext.updater:Bot:1002677844:updater - started
DEBUG:telegram.ext.updater:Updater thread started (polling)
DEBUG:telegram.ext.updater:Start network loop retry bootstrap del webhook
DEBUG:telegram.ext.updater:Deleting webhook
DEBUG:telegram.bot:Entering: delete_webhook
DEBUG:telegram.ext.updater:Waiting for Dispatcher and polling to start
DEBUG:telegram.ext.dispatcher:Dispatcher started
DEBUG:telegram.bot:True
DEBUG:telegram.bot:Exiting: delete_webhook
DEBUG:telegram.ext.updater:Bootstrap done
DEBUG:telegram.ext.updater:Start network loop retry getting Updates
DEBUG:telegram.bot:Entering: get_updates
DEBUG:telegram.bot:No new updates found.
DEBUG:telegram.bot:[]
DEBUG:telegram.bot:Exiting: get_updates
DEBUG:telegram.bot:Entering: get_updates
DEBUG:telegram.bot:No new updates found.
DEBUG:telegram.bot:[]
DEBUG:telegram.bot:Exiting: get_updates
DEBUG:telegram.bot:Entering: get_updates
DEBUG:telegram.bot:No new updates found.
DEBUG:telegram.bot:[]
DEBUG:telegram.bot:Exiting: get_updates
DEBUG:telegram.bot:Entering: get_updates
DEBUG:telegram.bot:No new updates found.
DEBUG:telegram.bot:[]
DEBUG:telegram.bot:Exiting: get_updates
DEBUG:telegram.bot:Entering: get_updates
DEBUG:telegram.bot:No new updates found.
DEBUG:telegram.bot:[]
DEBUG:telegram.bot:Exiting: get_updates
DEBUG:telegram.bot:Entering: get_updates
DEBUG:telegram.bot:No new updates found.
DEBUG:telegram.bot:[]
DEBUG:telegram.bot:Exiting: get_updates
DEBUG:telegram.bot:Entering: get_updates
DEBUG:telegram.bot:No new updates found.
DEBUG:telegram.bot:[]
DEBUG:telegram.bot:Exiting: get_updates
DEBUG:telegram.bot:Entering: get_updates
DEBUG:telegram.bot:No new updates found.
DEBUG:telegram.bot:[]
DEBUG:telegram.bot:Exiting: get_updates
DEBUG:telegram.bot:Entering: get_updates
DEBUG:telegram.bot:No new updates found.
DEBUG:telegram.bot:[]
DEBUG:telegram.bot:Exiting: get_updates
DEBUG:telegram.bot:Entering: get_updates
DEBUG:telegram.bot:No new updates found.
DEBUG:telegram.bot:[]
DEBUG:telegram.bot:Exiting: get_updates
DEBUG:telegram.bot:Entering: get_updates
DEBUG:telegram.bot:No new updates found.
DEBUG:telegram.bot:[]
DEBUG:telegram.bot:Exiting: get_updates
DEBUG:telegram.bot:Entering: get_updates
DEBUG:telegram.bot:No new updates found.
DEBUG:telegram.bot:[]
DEBUG:telegram.bot:Exiting: get_updates
DEBUG:telegram.bot:Entering: get_updates
DEBUG:telegram.bot:No new updates found.
DEBUG:telegram.bot:[]
DEBUG:telegram.bot:Exiting: get_updates
DEBUG:telegram.bot:Entering: get_updates
DEBUG:telegram.bot:No new updates found.
DEBUG:telegram.bot:[]
DEBUG:telegram.bot:Exiting: get_updates
DEBUG:telegram.bot:Entering: get_updates
DEBUG:telegram.bot:No new updates found.
DEBUG:telegram.bot:[]
DEBUG:telegram.bot:Exiting: get_updates
DEBUG:telegram.bot:Entering: get_updates
DEBUG:telegram.bot:No new updates found.
DEBUG:telegram.bot:[]
DEBUG:telegram.bot:Exiting: get_updates
DEBUG:telegram.bot:Entering: get_updates
DEBUG:telegram.bot:No new updates found.
DEBUG:telegram.bot:[]
DEBUG:telegram.bot:Exiting: get_updates
DEBUG:telegram.bot:Entering: get_updates
DEBUG:telegram.bot:No new updates found.
DEBUG:telegram.bot:[]
DEBUG:telegram.bot:Exiting: get_updates
DEBUG:telegram.bot:Entering: get_updates
DEBUG:telegram.bot:No new updates found.
DEBUG:telegram.bot:[]
DEBUG:telegram.bot:Exiting: get_updates
DEBUG:telegram.bot:Entering: get_updates
DEBUG:telegram.bot:No new updates found.
DEBUG:telegram.bot:[]
DEBUG:telegram.bot:Exiting: get_updates
DEBUG:telegram.bot:Entering: get_updates
DEBUG:telegram.bot:No new updates found.
DEBUG:telegram.bot:[]
DEBUG:telegram.bot:Exiting: get_updates
DEBUG:telegram.bot:Entering: get_updates
DEBUG:telegram.bot:No new updates found.
DEBUG:telegram.bot:[]
DEBUG:telegram.bot:Exiting: get_updates
DEBUG:telegram.bot:Entering: get_updates
DEBUG:telegram.bot:No new updates found.
DEBUG:telegram.bot:[]
DEBUG:telegram.bot:Exiting: get_updates
DEBUG:telegram.bot:Entering: get_updates
DEBUG:telegram.bot:No new updates found.
DEBUG:telegram.bot:[]
DEBUG:telegram.bot:Exiting: get_updates
DEBUG:telegram.bot:Entering: get_updates
DEBUG:telegram.bot:No new updates found.
DEBUG:telegram.bot:[]
DEBUG:telegram.bot:Exiting: get_updates
DEBUG:telegram.bot:Entering: get_updates
DEBUG:telegram.bot:No new updates found.
DEBUG:telegram.bot:[]
DEBUG:telegram.bot:Exiting: get_updates
DEBUG:telegram.bot:Entering: get_updates
DEBUG:telegram.bot:No new updates found.
DEBUG:telegram.bot:[]
DEBUG:telegram.bot:Exiting: get_updates
DEBUG:telegram.bot:Entering: get_updates
DEBUG:telegram.bot:No new updates found.
DEBUG:telegram.bot:[]
DEBUG:telegram.bot:Exiting: get_updates
DEBUG:telegram.bot:Entering: get_updates
